{"name": "test_Login", "status": "failed", "statusDetails": {"message": "AssertionError: assert False", "trace": "self = <allurereportsdemo.test_allure_screenshot_for_pass_and_fail.TestHRM object at 0x00000287B5214B90>\n\n    @allure.severity(allure.severity_level.BLOCKER)\n    def test_Login(self):\n        try:\n            self.driver = webdriver.Chrome(\"C:\\\\webdriver\\\\chromedriver_win32 (1)\\\\chromedriver.exe\")\n            self.driver.get(\"https://opensource-demo.orangehrmlive.com/web/index.php/auth/login\")\n            self.driver.maximize_window()\n            time.sleep(2)\n            self.driver.find_element(By.XPATH, \"//input[@name='username']\").send_keys(\"Admin\")\n            time.sleep(2)\n            self.driver.find_element(By.XPATH, \"//input[@name='password']\").send_keys(\"admin123\")\n            time.sleep(2)\n            self.driver.find_element(By.XPATH, \"//button[@type='submit']\").click()\n            time.sleep(2)\n            act_title=self.driver.title\n            print(act_title)\n    \n            if act_title==\"OrangeHRM123\":\n                # try:\n                #     self.driver.get_screenshot_as_file(\"screenshot.png\")\n                # except Exception as e:\n                #     print(f\"Error capturing screenshot: {str(e)}\")\n    \n                self.driver.close()\n                assert True\n            else:\n    \n                self.driver.get_screenshot_as_file(\"screenshot.png\")\n                allure.attach.file(\"screenshot.png\", name=\"password input \", attachment_type=allure.attachment_type.PNG)\n                self.driver.close()\n>               assert False\nE               assert False\n\n..\\test_allure_screenshot_for_pass_and_fail.py:70: AssertionError\n\nDuring handling of the above exception, another exception occurred:\n\nself = <allurereportsdemo.test_allure_screenshot_for_pass_and_fail.TestHRM object at 0x00000287B5214B90>\n\n    @allure.severity(allure.severity_level.BLOCKER)\n    def test_Login(self):\n        try:\n            self.driver = webdriver.Chrome(\"C:\\\\webdriver\\\\chromedriver_win32 (1)\\\\chromedriver.exe\")\n            self.driver.get(\"https://opensource-demo.orangehrmlive.com/web/index.php/auth/login\")\n            self.driver.maximize_window()\n            time.sleep(2)\n            self.driver.find_element(By.XPATH, \"//input[@name='username']\").send_keys(\"Admin\")\n            time.sleep(2)\n            self.driver.find_element(By.XPATH, \"//input[@name='password']\").send_keys(\"admin123\")\n            time.sleep(2)\n            self.driver.find_element(By.XPATH, \"//button[@type='submit']\").click()\n            time.sleep(2)\n            act_title=self.driver.title\n            print(act_title)\n    \n            if act_title==\"OrangeHRM123\":\n                # try:\n                #     self.driver.get_screenshot_as_file(\"screenshot.png\")\n                # except Exception as e:\n                #     print(f\"Error capturing screenshot: {str(e)}\")\n    \n                self.driver.close()\n                assert True\n            else:\n    \n                self.driver.get_screenshot_as_file(\"screenshot.png\")\n                allure.attach.file(\"screenshot.png\", name=\"password input \", attachment_type=allure.attachment_type.PNG)\n                self.driver.close()\n                assert False\n        except Exception as error:\n            print(error)\n>           assert False\nE           assert False\n\n..\\test_allure_screenshot_for_pass_and_fail.py:73: AssertionError"}, "attachments": [{"name": "password input ", "source": "01672cfd-3b4a-4471-9920-fb49bde1ba1b-attachment.png", "type": "image/png"}], "start": 1682412480914, "stop": 1682412495611, "uuid": "77d64b6e-cf1f-44a4-b0dc-c39472d293f6", "historyId": "0010b23d14db81788397695ef158f20d", "testCaseId": "98578354725069649b21832c481de4d3", "fullName": "test_allure_screenshot_for_pass_and_fail.TestHRM#test_Login", "labels": [{"name": "severity", "value": "blocker"}, {"name": "suite", "value": "test_allure_screenshot_for_pass_and_fail"}, {"name": "subSuite", "value": "TestHRM"}, {"name": "host", "value": "LAPTOP-30GKFPTR"}, {"name": "thread", "value": "13072-MainThread"}, {"name": "framework", "value": "pytest"}, {"name": "language", "value": "cpython3"}, {"name": "package", "value": "test_allure_screenshot_for_pass_and_fail"}]}